{"/Users/naineshrawani/Downloads/bb-cxs/statics/kibpay-project/libs/widget-kibpay-data/src/widget-kibpay-data-mocks.service.ts": {"path":"/Users/naineshrawani/Downloads/bb-cxs/statics/kibpay-project/libs/widget-kibpay-data/src/widget-kibpay-data-mocks.service.ts","statementMap":{"0":{"start":{"line":5,"column":17},"end":{"line":117,"column":2}},"1":{"start":{"line":119,"column":49},"end":{"line":119,"column":90}}},"fnMap":{},"branchMap":{},"s":{"0":1,"1":1},"f":{},"b":{}}
,"/Users/naineshrawani/Downloads/bb-cxs/statics/kibpay-project/libs/widget-kibpay-data/src/widget-kibpay-data.interfaces.ts": {"path":"/Users/naineshrawani/Downloads/bb-cxs/statics/kibpay-project/libs/widget-kibpay-data/src/widget-kibpay-data.interfaces.ts","statementMap":{},"fnMap":{},"branchMap":{},"s":{},"f":{},"b":{}}
,"/Users/naineshrawani/Downloads/bb-cxs/statics/kibpay-project/libs/widget-kibpay-data/src/widget-kibpay-data.module.ts": {"path":"/Users/naineshrawani/Downloads/bb-cxs/statics/kibpay-project/libs/widget-kibpay-data/src/widget-kibpay-data.module.ts","statementMap":{"0":{"start":{"line":6,"column":28},"end":{"line":6,"column":95}},"1":{"start":{"line":11,"column":4},"end":{"line":11,"column":108}},"2":{"start":{"line":28,"column":13},"end":{"line":28,"column":null}},"3":{"start":{"line":29,"column":11},"end":{"line":39,"column":null}},"4":{"start":{"line":30,"column":8},"end":{"line":38,"column":10}},"5":{"start":{"line":28,"column":13},"end":{"line":40,"column":null}},"6":{"start":{"line":40,"column":0},"end":{"line":40,"column":null}}},"fnMap":{"0":{"name":"createKibpayDataServiceDataHttpConfig","decl":{"start":{"line":8,"column":16},"end":{"line":8,"column":53}},"loc":{"start":{"line":10,"column":50},"end":{"line":12,"column":1}}},"1":{"name":"(anonymous_3)","decl":{"start":{"line":29,"column":4},"end":{"line":29,"column":11}},"loc":{"start":{"line":29,"column":57},"end":{"line":39,"column":5}}}},"branchMap":{"0":{"loc":{"start":{"line":11,"column":69},"end":{"line":11,"column":82}},"type":"cond-expr","locations":[{"start":{"line":11,"column":69},"end":{"line":11,"column":82}},{"start":{"line":11,"column":85},"end":{"line":11,"column":106}}]}},"s":{"0":1,"1":0,"2":1,"3":1,"4":0,"5":1,"6":1},"f":{"0":0,"1":0},"b":{"0":[0,0]}}
,"/Users/naineshrawani/Downloads/bb-cxs/statics/kibpay-project/libs/widget-kibpay-data/src/widget-kibpay-data.service.ts": {"path":"/Users/naineshrawani/Downloads/bb-cxs/statics/kibpay-project/libs/widget-kibpay-data/src/widget-kibpay-data.service.ts","statementMap":{"0":{"start":{"line":8,"column":16},"end":{"line":8,"column":20}},"1":{"start":{"line":9,"column":34},"end":{"line":9,"column":94}},"2":{"start":{"line":16,"column":33},"end":{"line":16,"column":49}},"3":{"start":{"line":18,"column":21},"end":{"line":18,"column":50}},"4":{"start":{"line":20,"column":21},"end":{"line":20,"column":52}},"5":{"start":{"line":22,"column":4},"end":{"line":31,"column":null}},"6":{"start":{"line":22,"column":52},"end":{"line":22,"column":null}},"7":{"start":{"line":23,"column":20},"end":{"line":23,"column":121}},"8":{"start":{"line":24,"column":8},"end":{"line":30,"column":11}},"9":{"start":{"line":33,"column":4},"end":{"line":44,"column":null}},"10":{"start":{"line":35,"column":7},"end":{"line":35,"column":null}},"11":{"start":{"line":36,"column":20},"end":{"line":36,"column":136}},"12":{"start":{"line":37,"column":8},"end":{"line":43,"column":11}},"13":{"start":{"line":46,"column":4},"end":{"line":58,"column":null}},"14":{"start":{"line":49,"column":7},"end":{"line":49,"column":null}},"15":{"start":{"line":50,"column":20},"end":{"line":50,"column":188}},"16":{"start":{"line":51,"column":8},"end":{"line":57,"column":11}},"17":{"start":{"line":15,"column":13},"end":{"line":59,"column":null}},"18":{"start":{"line":59,"column":0},"end":{"line":59,"column":null}}},"fnMap":{"0":{"name":"KibpayDataService","decl":{"start":{"line":16,"column":4},"end":{"line":16,"column":33}},"loc":{"start":{"line":20,"column":52},"end":{"line":20,"column":57}}},"1":{"name":"(anonymous_2)","decl":{"start":{"line":22,"column":4},"end":{"line":22,"column":18}},"loc":{"start":{"line":22,"column":94},"end":{"line":31,"column":5}}},"2":{"name":"(anonymous_3)","decl":{"start":{"line":33,"column":4},"end":{"line":33,"column":24}},"loc":{"start":{"line":35,"column":49},"end":{"line":44,"column":5}}},"3":{"name":"(anonymous_4)","decl":{"start":{"line":46,"column":4},"end":{"line":46,"column":20}},"loc":{"start":{"line":49,"column":49},"end":{"line":58,"column":5}}}},"branchMap":{"0":{"loc":{"start":{"line":22,"column":52},"end":{"line":22,"column":null}},"type":"if","locations":[{"start":{"line":22,"column":52},"end":{"line":22,"column":null}},{"start":{"line":22,"column":52},"end":{"line":22,"column":null}}]},"1":{"loc":{"start":{"line":25,"column":38},"end":{"line":25,"column":44}},"type":"binary-expr","locations":[{"start":{"line":25,"column":38},"end":{"line":25,"column":44}},{"start":{"line":25,"column":48},"end":{"line":25,"column":50}}]},"2":{"loc":{"start":{"line":35,"column":7},"end":{"line":35,"column":null}},"type":"if","locations":[{"start":{"line":35,"column":7},"end":{"line":35,"column":null}},{"start":{"line":35,"column":7},"end":{"line":35,"column":null}}]},"3":{"loc":{"start":{"line":38,"column":38},"end":{"line":38,"column":44}},"type":"binary-expr","locations":[{"start":{"line":38,"column":38},"end":{"line":38,"column":44}},{"start":{"line":38,"column":48},"end":{"line":38,"column":50}}]},"4":{"loc":{"start":{"line":49,"column":7},"end":{"line":49,"column":null}},"type":"if","locations":[{"start":{"line":49,"column":7},"end":{"line":49,"column":null}},{"start":{"line":49,"column":7},"end":{"line":49,"column":null}}]},"5":{"loc":{"start":{"line":52,"column":38},"end":{"line":52,"column":44}},"type":"binary-expr","locations":[{"start":{"line":52,"column":38},"end":{"line":52,"column":44}},{"start":{"line":52,"column":48},"end":{"line":52,"column":50}}]}},"s":{"0":1,"1":1,"2":0,"3":0,"4":0,"5":1,"6":0,"7":0,"8":0,"9":1,"10":0,"11":0,"12":0,"13":1,"14":0,"15":0,"16":0,"17":1,"18":1},"f":{"0":0,"1":0,"2":0,"3":0},"b":{"0":[0,0],"1":[0,0],"2":[0,0],"3":[0,0],"4":[0,0],"5":[0,0]}}
}
