TN:
SF:libs/widget-kibpay-data/src/widget-kibpay-data-mocks.service.ts
FNF:0
FNH:0
DA:5,1
DA:119,1
LF:2
LH:2
BRF:0
BRH:0
end_of_record
TN:
SF:libs/widget-kibpay-data/src/widget-kibpay-data.interfaces.ts
FNF:0
FNH:0
LF:0
LH:0
BRF:0
BRH:0
end_of_record
TN:
SF:libs/widget-kibpay-data/src/widget-kibpay-data.module.ts
FN:8,createKibpayDataServiceDataHttpConfig
FN:29,(anonymous_3)
FNF:2
FNH:0
FNDA:0,createKibpayDataServiceDataHttpConfig
FNDA:0,(anonymous_3)
DA:6,1
DA:11,0
DA:28,1
DA:29,1
DA:30,0
DA:40,1
LF:6
LH:4
BRDA:11,0,0,0
BRDA:11,0,1,0
BRF:2
BRH:0
end_of_record
TN:
SF:libs/widget-kibpay-data/src/widget-kibpay-data.service.ts
FN:16,KibpayDataService
FN:22,(anonymous_2)
FN:33,(anonymous_3)
FN:46,(anonymous_4)
FNF:4
FNH:0
FNDA:0,KibpayDataService
FNDA:0,(anonymous_2)
FNDA:0,(anonymous_3)
FNDA:0,(anonymous_4)
DA:8,1
DA:9,1
DA:15,1
DA:16,0
DA:18,0
DA:20,0
DA:22,1
DA:23,0
DA:24,0
DA:33,1
DA:35,0
DA:36,0
DA:37,0
DA:46,1
DA:49,0
DA:50,0
DA:51,0
DA:59,1
LF:18
LH:7
BRDA:22,0,0,0
BRDA:22,0,1,0
BRDA:25,1,0,0
BRDA:25,1,1,0
BRDA:35,2,0,0
BRDA:35,2,1,0
BRDA:38,3,0,0
BRDA:38,3,1,0
BRDA:49,4,0,0
BRDA:49,4,1,0
BRDA:52,5,0,0
BRDA:52,5,1,0
BRF:12
BRH:0
end_of_record
