{"/Users/naineshrawani/Downloads/bb-cxs/statics/kibpay-project/libs/widget-kibpay/src/widget-kibpay-routing.module.ts": {"path":"/Users/naineshrawani/Downloads/bb-cxs/statics/kibpay-project/libs/widget-kibpay/src/widget-kibpay-routing.module.ts","statementMap":{"0":{"start":{"line":7,"column":23},"end":{"line":14,"column":2}},"1":{"start":{"line":21,"column":13},"end":{"line":21,"column":null}},"2":{"start":{"line":21,"column":38},"end":{"line":21,"column":null}}},"fnMap":{},"branchMap":{},"s":{"0":1,"1":1,"2":1},"f":{},"b":{}}
,"/Users/naineshrawani/Downloads/bb-cxs/statics/kibpay-project/libs/widget-kibpay/src/widget-kibpay.component.ts": {"path":"/Users/naineshrawani/Downloads/bb-cxs/statics/kibpay-project/libs/widget-kibpay/src/widget-kibpay.component.ts","statementMap":{"0":{"start":{"line":9,"column":13},"end":{"line":11,"column":null}},"1":{"start":{"line":11,"column":0},"end":{"line":11,"column":null}}},"fnMap":{"0":{"name":"WidgetKibpayComponent","decl":{"start":{"line":10,"column":2},"end":{"line":10,"column":17}},"loc":{"start":{"line":10,"column":2},"end":{"line":10,"column":18}}}},"branchMap":{},"s":{"0":1,"1":1},"f":{"0":1},"b":{}}
,"/Users/naineshrawani/Downloads/bb-cxs/statics/kibpay-project/libs/widget-kibpay/src/widget-kibpay.module.ts": {"path":"/Users/naineshrawani/Downloads/bb-cxs/statics/kibpay-project/libs/widget-kibpay/src/widget-kibpay.module.ts","statementMap":{"0":{"start":{"line":41,"column":13},"end":{"line":41,"column":null}},"1":{"start":{"line":41,"column":34},"end":{"line":41,"column":null}}},"fnMap":{},"branchMap":{},"s":{"0":1,"1":1},"f":{},"b":{}}
,"/Users/naineshrawani/Downloads/bb-cxs/statics/kibpay-project/libs/widget-kibpay/src/widget-kibpay.service.ts": {"path":"/Users/naineshrawani/Downloads/bb-cxs/statics/kibpay-project/libs/widget-kibpay/src/widget-kibpay.service.ts","statementMap":{"0":{"start":{"line":48,"column":4},"end":{"line":60,"column":null}},"1":{"start":{"line":49,"column":8},"end":{"line":59,"column":30}},"2":{"start":{"line":62,"column":4},"end":{"line":88,"column":null}},"3":{"start":{"line":63,"column":8},"end":{"line":87,"column":null}},"4":{"start":{"line":64,"column":12},"end":{"line":68,"column":32}},"5":{"start":{"line":70,"column":13},"end":{"line":87,"column":null}},"6":{"start":{"line":71,"column":12},"end":{"line":76,"column":32}},"7":{"start":{"line":78,"column":13},"end":{"line":87,"column":null}},"8":{"start":{"line":79,"column":12},"end":{"line":83,"column":32}},"9":{"start":{"line":86,"column":12},"end":{"line":86,"column":43}},"10":{"start":{"line":90,"column":4},"end":{"line":117,"column":null}},"11":{"start":{"line":91,"column":8},"end":{"line":116,"column":null}},"12":{"start":{"line":92,"column":12},"end":{"line":100,"column":34}},"13":{"start":{"line":102,"column":13},"end":{"line":116,"column":null}},"14":{"start":{"line":103,"column":12},"end":{"line":112,"column":34}},"15":{"start":{"line":115,"column":12},"end":{"line":115,"column":45}},"16":{"start":{"line":45,"column":13},"end":{"line":118,"column":null}},"17":{"start":{"line":118,"column":0},"end":{"line":118,"column":null}}},"fnMap":{"0":{"name":"WidgetKibpayService","decl":{"start":{"line":46,"column":4},"end":{"line":46,"column":20}},"loc":{"start":{"line":46,"column":4},"end":{"line":46,"column":21}}},"1":{"name":"(anonymous_2)","decl":{"start":{"line":48,"column":4},"end":{"line":48,"column":18}},"loc":{"start":{"line":48,"column":38},"end":{"line":60,"column":5}}},"2":{"name":"(anonymous_3)","decl":{"start":{"line":62,"column":4},"end":{"line":62,"column":24}},"loc":{"start":{"line":62,"column":39},"end":{"line":88,"column":5}}},"3":{"name":"(anonymous_4)","decl":{"start":{"line":90,"column":4},"end":{"line":90,"column":20}},"loc":{"start":{"line":90,"column":35},"end":{"line":117,"column":5}}}},"branchMap":{"0":{"loc":{"start":{"line":63,"column":8},"end":{"line":87,"column":null}},"type":"if","locations":[{"start":{"line":63,"column":8},"end":{"line":87,"column":null}},{"start":{"line":63,"column":8},"end":{"line":87,"column":null}}]},"1":{"loc":{"start":{"line":70,"column":13},"end":{"line":87,"column":null}},"type":"if","locations":[{"start":{"line":70,"column":13},"end":{"line":87,"column":null}},{"start":{"line":70,"column":13},"end":{"line":87,"column":null}}]},"2":{"loc":{"start":{"line":78,"column":13},"end":{"line":87,"column":null}},"type":"if","locations":[{"start":{"line":78,"column":13},"end":{"line":87,"column":null}},{"start":{"line":78,"column":13},"end":{"line":87,"column":null}}]},"3":{"loc":{"start":{"line":91,"column":8},"end":{"line":116,"column":null}},"type":"if","locations":[{"start":{"line":91,"column":8},"end":{"line":116,"column":null}},{"start":{"line":91,"column":8},"end":{"line":116,"column":null}}]},"4":{"loc":{"start":{"line":102,"column":13},"end":{"line":116,"column":null}},"type":"if","locations":[{"start":{"line":102,"column":13},"end":{"line":116,"column":null}},{"start":{"line":102,"column":13},"end":{"line":116,"column":null}}]}},"s":{"0":1,"1":0,"2":1,"3":0,"4":0,"5":0,"6":0,"7":0,"8":0,"9":0,"10":1,"11":0,"12":0,"13":0,"14":0,"15":0,"16":1,"17":1},"f":{"0":14,"1":0,"2":0,"3":0},"b":{"0":[0,0],"1":[0,0],"2":[0,0],"3":[0,0],"4":[0,0]}}
,"/Users/naineshrawani/Downloads/bb-cxs/statics/kibpay-project/libs/widget-kibpay/src/kibpay-error/kibpay-error.component.ts": {"path":"/Users/naineshrawani/Downloads/bb-cxs/statics/kibpay-project/libs/widget-kibpay/src/kibpay-error/kibpay-error.component.ts","statementMap":{"0":{"start":{"line":8,"column":13},"end":{"line":11,"column":null}},"1":{"start":{"line":11,"column":0},"end":{"line":11,"column":null}}},"fnMap":{"0":{"name":"KibpayErrorComponent","decl":{"start":{"line":10,"column":2},"end":{"line":10,"column":17}},"loc":{"start":{"line":10,"column":2},"end":{"line":10,"column":18}}}},"branchMap":{},"s":{"0":1,"1":1},"f":{"0":2},"b":{}}
,"/Users/naineshrawani/Downloads/bb-cxs/statics/kibpay-project/libs/widget-kibpay/src/kibpay-knet/kibpay-knet.component.ts": {"path":"/Users/naineshrawani/Downloads/bb-cxs/statics/kibpay-project/libs/widget-kibpay/src/kibpay-knet/kibpay-knet.component.ts","statementMap":{"0":{"start":{"line":20,"column":22},"end":{"line":20,"column":62}},"1":{"start":{"line":21,"column":12},"end":{"line":21,"column":36}},"2":{"start":{"line":22,"column":12},"end":{"line":22,"column":26}},"3":{"start":{"line":23,"column":12},"end":{"line":23,"column":33}},"4":{"start":{"line":24,"column":12},"end":{"line":24,"column":33}},"5":{"start":{"line":14,"column":2},"end":{"line":14,"column":30}},"6":{"start":{"line":15,"column":2},"end":{"line":15,"column":24}},"7":{"start":{"line":16,"column":2},"end":{"line":16,"column":28}},"8":{"start":{"line":17,"column":2},"end":{"line":17,"column":42}},"9":{"start":{"line":18,"column":2},"end":{"line":18,"column":30}},"10":{"start":{"line":26,"column":2},"end":{"line":30,"column":null}},"11":{"start":{"line":27,"column":4},"end":{"line":27,"column":26}},"12":{"start":{"line":28,"column":4},"end":{"line":28,"column":26}},"13":{"start":{"line":29,"column":4},"end":{"line":29,"column":23}},"14":{"start":{"line":32,"column":2},"end":{"line":57,"column":null}},"15":{"start":{"line":33,"column":25},"end":{"line":33,"column":27}},"16":{"start":{"line":35,"column":18},"end":{"line":35,"column":33}},"17":{"start":{"line":36,"column":4},"end":{"line":38,"column":null}},"18":{"start":{"line":37,"column":6},"end":{"line":37,"column":46}},"19":{"start":{"line":40,"column":4},"end":{"line":45,"column":null}},"20":{"start":{"line":41,"column":6},"end":{"line":41,"column":35}},"21":{"start":{"line":43,"column":9},"end":{"line":45,"column":null}},"22":{"start":{"line":44,"column":6},"end":{"line":44,"column":35}},"23":{"start":{"line":47,"column":4},"end":{"line":54,"column":7}},"24":{"start":{"line":48,"column":6},"end":{"line":50,"column":null}},"25":{"start":{"line":49,"column":8},"end":{"line":49,"column":33}},"26":{"start":{"line":51,"column":6},"end":{"line":53,"column":null}},"27":{"start":{"line":52,"column":8},"end":{"line":52,"column":45}},"28":{"start":{"line":56,"column":4},"end":{"line":56,"column":37}},"29":{"start":{"line":59,"column":2},"end":{"line":79,"column":null}},"30":{"start":{"line":59,"column":2},"end":{"line":59,"column":18}},"31":{"start":{"line":60,"column":4},"end":{"line":78,"column":null}},"32":{"start":{"line":61,"column":6},"end":{"line":74,"column":9}},"33":{"start":{"line":64,"column":10},"end":{"line":64,"column":38}},"34":{"start":{"line":65,"column":10},"end":{"line":65,"column":31}},"35":{"start":{"line":66,"column":10},"end":{"line":66,"column":37}},"36":{"start":{"line":69,"column":8},"end":{"line":69,"column":44}},"37":{"start":{"line":70,"column":8},"end":{"line":70,"column":84}},"38":{"start":{"line":71,"column":8},"end":{"line":71,"column":31}},"39":{"start":{"line":72,"column":8},"end":{"line":72,"column":29}},"40":{"start":{"line":73,"column":8},"end":{"line":73,"column":35}},"41":{"start":{"line":77,"column":6},"end":{"line":77,"column":42}},"42":{"start":{"line":12,"column":13},"end":{"line":123,"column":null}},"43":{"start":{"line":123,"column":0},"end":{"line":123,"column":null}}},"fnMap":{"0":{"name":"KibpayKnetComponent","decl":{"start":{"line":20,"column":2},"end":{"line":20,"column":22}},"loc":{"start":{"line":24,"column":33},"end":{"line":24,"column":37}}},"1":{"name":"(anonymous_2)","decl":{"start":{"line":26,"column":2},"end":{"line":26,"column":10}},"loc":{"start":{"line":26,"column":2},"end":{"line":30,"column":3}}},"2":{"name":"(anonymous_3)","decl":{"start":{"line":32,"column":2},"end":{"line":32,"column":13}},"loc":{"start":{"line":32,"column":2},"end":{"line":57,"column":3}}},"3":{"name":"(anonymous_4)","decl":{"start":{"line":47,"column":37},"end":{"line":47,"column":43}},"loc":{"start":{"line":47,"column":43},"end":{"line":54,"column":5}}},"4":{"name":"(anonymous_5)","decl":{"start":{"line":59,"column":2},"end":{"line":59,"column":18}},"loc":{"start":{"line":59,"column":33},"end":{"line":79,"column":3}}},"5":{"name":"(anonymous_6)","decl":{"start":{"line":63,"column":8},"end":{"line":63,"column":16}},"loc":{"start":{"line":63,"column":16},"end":{"line":67,"column":7}}},"6":{"name":"(anonymous_7)","decl":{"start":{"line":68,"column":6},"end":{"line":68,"column":11}},"loc":{"start":{"line":68,"column":11},"end":{"line":74,"column":7}}}},"branchMap":{"0":{"loc":{"start":{"line":36,"column":4},"end":{"line":38,"column":null}},"type":"if","locations":[{"start":{"line":36,"column":4},"end":{"line":38,"column":null}},{"start":{"line":36,"column":4},"end":{"line":38,"column":null}}]},"1":{"loc":{"start":{"line":40,"column":4},"end":{"line":45,"column":null}},"type":"if","locations":[{"start":{"line":40,"column":4},"end":{"line":45,"column":null}},{"start":{"line":40,"column":4},"end":{"line":45,"column":null}}]},"2":{"loc":{"start":{"line":43,"column":9},"end":{"line":45,"column":null}},"type":"if","locations":[{"start":{"line":43,"column":9},"end":{"line":45,"column":null}},{"start":{"line":43,"column":9},"end":{"line":45,"column":null}}]},"3":{"loc":{"start":{"line":48,"column":6},"end":{"line":50,"column":null}},"type":"if","locations":[{"start":{"line":48,"column":6},"end":{"line":50,"column":null}},{"start":{"line":48,"column":6},"end":{"line":50,"column":null}}]},"4":{"loc":{"start":{"line":51,"column":6},"end":{"line":53,"column":null}},"type":"if","locations":[{"start":{"line":51,"column":6},"end":{"line":53,"column":null}},{"start":{"line":51,"column":6},"end":{"line":53,"column":null}}]},"5":{"loc":{"start":{"line":60,"column":4},"end":{"line":78,"column":null}},"type":"if","locations":[{"start":{"line":60,"column":4},"end":{"line":78,"column":null}},{"start":{"line":60,"column":4},"end":{"line":78,"column":null}}]},"6":{"loc":{"start":{"line":60,"column":7},"end":{"line":60,"column":23}},"type":"binary-expr","locations":[{"start":{"line":60,"column":7},"end":{"line":60,"column":23}},{"start":{"line":60,"column":27},"end":{"line":60,"column":39}},{"start":{"line":60,"column":43},"end":{"line":60,"column":61}}]},"7":{"loc":{"start":{"line":70,"column":59},"end":{"line":70,"column":72}},"type":"cond-expr","locations":[{"start":{"line":70,"column":59},"end":{"line":70,"column":72}},{"start":{"line":70,"column":75},"end":{"line":70,"column":82}}]},"8":{"loc":{"start":{"line":70,"column":33},"end":{"line":70,"column":38}},"type":"binary-expr","locations":[{"start":{"line":70,"column":33},"end":{"line":70,"column":38}},{"start":{"line":70,"column":42},"end":{"line":70,"column":55}}]}},"s":{"0":5,"1":5,"2":5,"3":5,"4":5,"5":5,"6":5,"7":5,"8":5,"9":5,"10":1,"11":7,"12":7,"13":7,"14":1,"15":7,"16":7,"17":7,"18":0,"19":7,"20":0,"21":7,"22":0,"23":7,"24":11,"25":4,"26":11,"27":4,"28":7,"29":1,"30":7,"31":7,"32":2,"33":0,"34":0,"35":0,"36":0,"37":0,"38":0,"39":0,"40":0,"41":5,"42":1,"43":1},"f":{"0":5,"1":7,"2":7,"3":11,"4":7,"5":0,"6":0},"b":{"0":[0,7],"1":[0,7],"2":[0,7],"3":[4,7],"4":[4,7],"5":[2,5],"6":[7,2,2],"7":[0,0],"8":[0,0]}}
,"/Users/naineshrawani/Downloads/bb-cxs/statics/kibpay-project/libs/widget-kibpay/src/kibpay-loader/kibpay-loader.component.ts": {"path":"/Users/naineshrawani/Downloads/bb-cxs/statics/kibpay-project/libs/widget-kibpay/src/kibpay-loader/kibpay-loader.component.ts","statementMap":{"0":{"start":{"line":9,"column":13},"end":{"line":11,"column":null}},"1":{"start":{"line":11,"column":0},"end":{"line":11,"column":null}}},"fnMap":{"0":{"name":"KibpayLoaderComponent","decl":{"start":{"line":10,"column":2},"end":{"line":10,"column":17}},"loc":{"start":{"line":10,"column":2},"end":{"line":10,"column":18}}}},"branchMap":{},"s":{"0":1,"1":1},"f":{"0":16},"b":{}}
,"/Users/naineshrawani/Downloads/bb-cxs/statics/kibpay-project/libs/widget-kibpay/src/kibpay-logo/kibpay-logo.component.ts": {"path":"/Users/naineshrawani/Downloads/bb-cxs/statics/kibpay-project/libs/widget-kibpay/src/kibpay-logo/kibpay-logo.component.ts","statementMap":{"0":{"start":{"line":9,"column":13},"end":{"line":11,"column":null}},"1":{"start":{"line":11,"column":0},"end":{"line":11,"column":null}}},"fnMap":{"0":{"name":"KibpayLogoComponent","decl":{"start":{"line":10,"column":2},"end":{"line":10,"column":17}},"loc":{"start":{"line":10,"column":2},"end":{"line":10,"column":18}}}},"branchMap":{},"s":{"0":1,"1":1},"f":{"0":2},"b":{}}
,"/Users/naineshrawani/Downloads/bb-cxs/statics/kibpay-project/libs/widget-kibpay/src/kibpay-payer/kibpay-payer.component.ts": {"path":"/Users/naineshrawani/Downloads/bb-cxs/statics/kibpay-project/libs/widget-kibpay/src/kibpay-payer/kibpay-payer.component.ts","statementMap":{"0":{"start":{"line":21,"column":22},"end":{"line":21,"column":62}},"1":{"start":{"line":22,"column":12},"end":{"line":22,"column":36}},"2":{"start":{"line":23,"column":12},"end":{"line":23,"column":26}},"3":{"start":{"line":24,"column":12},"end":{"line":24,"column":33}},"4":{"start":{"line":25,"column":12},"end":{"line":25,"column":33}},"5":{"start":{"line":15,"column":2},"end":{"line":15,"column":30}},"6":{"start":{"line":16,"column":2},"end":{"line":16,"column":24}},"7":{"start":{"line":17,"column":2},"end":{"line":17,"column":28}},"8":{"start":{"line":18,"column":2},"end":{"line":18,"column":35}},"9":{"start":{"line":19,"column":2},"end":{"line":19,"column":30}},"10":{"start":{"line":27,"column":2},"end":{"line":32,"column":null}},"11":{"start":{"line":28,"column":4},"end":{"line":28,"column":26}},"12":{"start":{"line":29,"column":4},"end":{"line":29,"column":26}},"13":{"start":{"line":30,"column":4},"end":{"line":30,"column":28}},"14":{"start":{"line":31,"column":4},"end":{"line":31,"column":23}},"15":{"start":{"line":34,"column":2},"end":{"line":55,"column":null}},"16":{"start":{"line":35,"column":30},"end":{"line":35,"column":32}},"17":{"start":{"line":37,"column":18},"end":{"line":37,"column":33}},"18":{"start":{"line":38,"column":4},"end":{"line":40,"column":null}},"19":{"start":{"line":39,"column":6},"end":{"line":39,"column":46}},"20":{"start":{"line":42,"column":4},"end":{"line":52,"column":null}},"21":{"start":{"line":43,"column":6},"end":{"line":47,"column":9}},"22":{"start":{"line":44,"column":8},"end":{"line":46,"column":null}},"23":{"start":{"line":45,"column":10},"end":{"line":45,"column":34}},"24":{"start":{"line":49,"column":6},"end":{"line":51,"column":null}},"25":{"start":{"line":50,"column":8},"end":{"line":50,"column":36}},"26":{"start":{"line":54,"column":4},"end":{"line":54,"column":37}},"27":{"start":{"line":57,"column":2},"end":{"line":74,"column":null}},"28":{"start":{"line":57,"column":2},"end":{"line":57,"column":16}},"29":{"start":{"line":58,"column":4},"end":{"line":73,"column":null}},"30":{"start":{"line":59,"column":6},"end":{"line":69,"column":9}},"31":{"start":{"line":62,"column":10},"end":{"line":62,"column":38}},"32":{"start":{"line":63,"column":10},"end":{"line":63,"column":36}},"33":{"start":{"line":66,"column":8},"end":{"line":66,"column":84}},"34":{"start":{"line":67,"column":8},"end":{"line":67,"column":29}},"35":{"start":{"line":68,"column":8},"end":{"line":68,"column":35}},"36":{"start":{"line":72,"column":6},"end":{"line":72,"column":42}},"37":{"start":{"line":76,"column":2},"end":{"line":99,"column":null}},"38":{"start":{"line":76,"column":2},"end":{"line":76,"column":20}},"39":{"start":{"line":77,"column":27},"end":{"line":80,"column":6}},"40":{"start":{"line":82,"column":4},"end":{"line":98,"column":7}},"41":{"start":{"line":85,"column":8},"end":{"line":92,"column":null}},"42":{"start":{"line":86,"column":10},"end":{"line":86,"column":31}},"43":{"start":{"line":89,"column":10},"end":{"line":89,"column":31}},"44":{"start":{"line":90,"column":10},"end":{"line":90,"column":33}},"45":{"start":{"line":91,"column":10},"end":{"line":91,"column":37}},"46":{"start":{"line":95,"column":6},"end":{"line":95,"column":82}},"47":{"start":{"line":96,"column":6},"end":{"line":96,"column":27}},"48":{"start":{"line":97,"column":6},"end":{"line":97,"column":33}},"49":{"start":{"line":101,"column":2},"end":{"line":125,"column":null}},"50":{"start":{"line":101,"column":2},"end":{"line":101,"column":15}},"51":{"start":{"line":102,"column":4},"end":{"line":102,"column":26}},"52":{"start":{"line":103,"column":27},"end":{"line":106,"column":6}},"53":{"start":{"line":108,"column":4},"end":{"line":124,"column":7}},"54":{"start":{"line":111,"column":8},"end":{"line":118,"column":null}},"55":{"start":{"line":112,"column":10},"end":{"line":112,"column":53}},"56":{"start":{"line":115,"column":10},"end":{"line":115,"column":56}},"57":{"start":{"line":116,"column":10},"end":{"line":116,"column":31}},"58":{"start":{"line":117,"column":10},"end":{"line":117,"column":37}},"59":{"start":{"line":121,"column":6},"end":{"line":121,"column":82}},"60":{"start":{"line":122,"column":6},"end":{"line":122,"column":27}},"61":{"start":{"line":123,"column":6},"end":{"line":123,"column":33}},"62":{"start":{"line":127,"column":2},"end":{"line":147,"column":null}},"63":{"start":{"line":127,"column":2},"end":{"line":127,"column":15}},"64":{"start":{"line":128,"column":4},"end":{"line":128,"column":26}},"65":{"start":{"line":129,"column":4},"end":{"line":129,"column":28}},"66":{"start":{"line":130,"column":27},"end":{"line":133,"column":6}},"67":{"start":{"line":135,"column":4},"end":{"line":146,"column":7}},"68":{"start":{"line":138,"column":8},"end":{"line":138,"column":55}},"69":{"start":{"line":139,"column":8},"end":{"line":139,"column":29}},"70":{"start":{"line":140,"column":8},"end":{"line":140,"column":35}},"71":{"start":{"line":143,"column":6},"end":{"line":143,"column":82}},"72":{"start":{"line":144,"column":6},"end":{"line":144,"column":27}},"73":{"start":{"line":145,"column":6},"end":{"line":145,"column":33}},"74":{"start":{"line":13,"column":13},"end":{"line":191,"column":null}},"75":{"start":{"line":191,"column":0},"end":{"line":191,"column":null}}},"fnMap":{"0":{"name":"KibpayPayerComponent","decl":{"start":{"line":21,"column":2},"end":{"line":21,"column":22}},"loc":{"start":{"line":25,"column":33},"end":{"line":25,"column":37}}},"1":{"name":"(anonymous_2)","decl":{"start":{"line":27,"column":2},"end":{"line":27,"column":10}},"loc":{"start":{"line":27,"column":2},"end":{"line":32,"column":3}}},"2":{"name":"(anonymous_3)","decl":{"start":{"line":34,"column":2},"end":{"line":34,"column":13}},"loc":{"start":{"line":34,"column":2},"end":{"line":55,"column":3}}},"3":{"name":"(anonymous_4)","decl":{"start":{"line":43,"column":39},"end":{"line":43,"column":45}},"loc":{"start":{"line":43,"column":45},"end":{"line":47,"column":7}}},"4":{"name":"(anonymous_5)","decl":{"start":{"line":57,"column":2},"end":{"line":57,"column":16}},"loc":{"start":{"line":57,"column":36},"end":{"line":74,"column":3}}},"5":{"name":"(anonymous_6)","decl":{"start":{"line":61,"column":8},"end":{"line":61,"column":16}},"loc":{"start":{"line":61,"column":16},"end":{"line":64,"column":7}}},"6":{"name":"(anonymous_7)","decl":{"start":{"line":65,"column":6},"end":{"line":65,"column":11}},"loc":{"start":{"line":65,"column":11},"end":{"line":69,"column":7}}},"7":{"name":"(anonymous_8)","decl":{"start":{"line":76,"column":2},"end":{"line":76,"column":20}},"loc":{"start":{"line":76,"column":2},"end":{"line":99,"column":3}}},"8":{"name":"(anonymous_9)","decl":{"start":{"line":84,"column":6},"end":{"line":84,"column":14}},"loc":{"start":{"line":84,"column":14},"end":{"line":93,"column":5}}},"9":{"name":"(anonymous_10)","decl":{"start":{"line":94,"column":4},"end":{"line":94,"column":9}},"loc":{"start":{"line":94,"column":9},"end":{"line":98,"column":5}}},"10":{"name":"(anonymous_11)","decl":{"start":{"line":101,"column":2},"end":{"line":101,"column":15}},"loc":{"start":{"line":101,"column":2},"end":{"line":125,"column":3}}},"11":{"name":"(anonymous_12)","decl":{"start":{"line":110,"column":6},"end":{"line":110,"column":14}},"loc":{"start":{"line":110,"column":14},"end":{"line":119,"column":5}}},"12":{"name":"(anonymous_13)","decl":{"start":{"line":120,"column":4},"end":{"line":120,"column":9}},"loc":{"start":{"line":120,"column":9},"end":{"line":124,"column":5}}},"13":{"name":"(anonymous_14)","decl":{"start":{"line":127,"column":2},"end":{"line":127,"column":15}},"loc":{"start":{"line":127,"column":2},"end":{"line":147,"column":3}}},"14":{"name":"(anonymous_15)","decl":{"start":{"line":137,"column":6},"end":{"line":137,"column":14}},"loc":{"start":{"line":137,"column":14},"end":{"line":141,"column":5}}},"15":{"name":"(anonymous_16)","decl":{"start":{"line":142,"column":4},"end":{"line":142,"column":9}},"loc":{"start":{"line":142,"column":9},"end":{"line":146,"column":5}}}},"branchMap":{"0":{"loc":{"start":{"line":38,"column":4},"end":{"line":40,"column":null}},"type":"if","locations":[{"start":{"line":38,"column":4},"end":{"line":40,"column":null}},{"start":{"line":38,"column":4},"end":{"line":40,"column":null}}]},"1":{"loc":{"start":{"line":42,"column":4},"end":{"line":52,"column":null}},"type":"if","locations":[{"start":{"line":42,"column":4},"end":{"line":52,"column":null}},{"start":{"line":42,"column":4},"end":{"line":52,"column":null}}]},"2":{"loc":{"start":{"line":42,"column":7},"end":{"line":42,"column":30}},"type":"binary-expr","locations":[{"start":{"line":42,"column":7},"end":{"line":42,"column":30}},{"start":{"line":42,"column":34},"end":{"line":42,"column":60}}]},"3":{"loc":{"start":{"line":44,"column":8},"end":{"line":46,"column":null}},"type":"if","locations":[{"start":{"line":44,"column":8},"end":{"line":46,"column":null}},{"start":{"line":44,"column":8},"end":{"line":46,"column":null}}]},"4":{"loc":{"start":{"line":49,"column":6},"end":{"line":51,"column":null}},"type":"if","locations":[{"start":{"line":49,"column":6},"end":{"line":51,"column":null}},{"start":{"line":49,"column":6},"end":{"line":51,"column":null}}]},"5":{"loc":{"start":{"line":58,"column":4},"end":{"line":73,"column":null}},"type":"if","locations":[{"start":{"line":58,"column":4},"end":{"line":73,"column":null}},{"start":{"line":58,"column":4},"end":{"line":73,"column":null}}]},"6":{"loc":{"start":{"line":66,"column":59},"end":{"line":66,"column":72}},"type":"cond-expr","locations":[{"start":{"line":66,"column":59},"end":{"line":66,"column":72}},{"start":{"line":66,"column":75},"end":{"line":66,"column":82}}]},"7":{"loc":{"start":{"line":66,"column":33},"end":{"line":66,"column":38}},"type":"binary-expr","locations":[{"start":{"line":66,"column":33},"end":{"line":66,"column":38}},{"start":{"line":66,"column":42},"end":{"line":66,"column":55}}]},"8":{"loc":{"start":{"line":85,"column":8},"end":{"line":92,"column":null}},"type":"if","locations":[{"start":{"line":85,"column":8},"end":{"line":92,"column":null}},{"start":{"line":85,"column":8},"end":{"line":92,"column":null}}]},"9":{"loc":{"start":{"line":95,"column":57},"end":{"line":95,"column":70}},"type":"cond-expr","locations":[{"start":{"line":95,"column":57},"end":{"line":95,"column":70}},{"start":{"line":95,"column":73},"end":{"line":95,"column":80}}]},"10":{"loc":{"start":{"line":95,"column":31},"end":{"line":95,"column":36}},"type":"binary-expr","locations":[{"start":{"line":95,"column":31},"end":{"line":95,"column":36}},{"start":{"line":95,"column":40},"end":{"line":95,"column":53}}]},"11":{"loc":{"start":{"line":111,"column":8},"end":{"line":118,"column":null}},"type":"if","locations":[{"start":{"line":111,"column":8},"end":{"line":118,"column":null}},{"start":{"line":111,"column":8},"end":{"line":118,"column":null}}]},"12":{"loc":{"start":{"line":111,"column":19},"end":{"line":111,"column":21}},"type":"cond-expr","locations":[{"start":{"line":111,"column":19},"end":{"line":111,"column":21}},{"start":{"line":111,"column":11},"end":{"line":111,"column":32}}]},"13":{"loc":{"start":{"line":111,"column":11},"end":{"line":111,"column":21}},"type":"binary-expr","locations":[{"start":{"line":111,"column":11},"end":{"line":111,"column":21}},{"start":{"line":111,"column":11},"end":{"line":111,"column":21}}]},"14":{"loc":{"start":{"line":121,"column":57},"end":{"line":121,"column":70}},"type":"cond-expr","locations":[{"start":{"line":121,"column":57},"end":{"line":121,"column":70}},{"start":{"line":121,"column":73},"end":{"line":121,"column":80}}]},"15":{"loc":{"start":{"line":121,"column":31},"end":{"line":121,"column":36}},"type":"binary-expr","locations":[{"start":{"line":121,"column":31},"end":{"line":121,"column":36}},{"start":{"line":121,"column":40},"end":{"line":121,"column":53}}]},"16":{"loc":{"start":{"line":143,"column":57},"end":{"line":143,"column":70}},"type":"cond-expr","locations":[{"start":{"line":143,"column":57},"end":{"line":143,"column":70}},{"start":{"line":143,"column":73},"end":{"line":143,"column":80}}]},"17":{"loc":{"start":{"line":143,"column":31},"end":{"line":143,"column":36}},"type":"binary-expr","locations":[{"start":{"line":143,"column":31},"end":{"line":143,"column":36}},{"start":{"line":143,"column":40},"end":{"line":143,"column":53}}]}},"s":{"0":9,"1":9,"2":9,"3":9,"4":9,"5":9,"6":9,"7":9,"8":9,"9":9,"10":1,"11":9,"12":9,"13":9,"14":9,"15":1,"16":11,"17":11,"18":11,"19":0,"20":11,"21":0,"22":0,"23":0,"24":0,"25":0,"26":11,"27":1,"28":11,"29":11,"30":2,"31":0,"32":0,"33":0,"34":0,"35":0,"36":9,"37":1,"38":2,"39":2,"40":2,"41":0,"42":0,"43":0,"44":0,"45":0,"46":0,"47":0,"48":0,"49":1,"50":1,"51":1,"52":1,"53":1,"54":0,"55":0,"56":0,"57":0,"58":0,"59":0,"60":0,"61":0,"62":1,"63":1,"64":1,"65":1,"66":1,"67":1,"68":0,"69":0,"70":0,"71":0,"72":0,"73":0,"74":1,"75":1},"f":{"0":9,"1":9,"2":11,"3":0,"4":11,"5":0,"6":0,"7":2,"8":0,"9":0,"10":1,"11":0,"12":0,"13":1,"14":0,"15":0},"b":{"0":[0,11],"1":[0,11],"2":[11,11],"3":[0,0],"4":[0,0],"5":[2,9],"6":[0,0],"7":[0,0],"8":[0,0],"9":[0,0],"10":[0,0],"11":[0,0],"12":[0,0],"13":[0,0],"14":[0,0],"15":[0,0],"16":[0,0],"17":[0,0]}}
,"/Users/naineshrawani/Downloads/bb-cxs/statics/kibpay-project/libs/widget-kibpay/src/kibpay-payment/kibpay-payment.component.ts": {"path":"/Users/naineshrawani/Downloads/bb-cxs/statics/kibpay-project/libs/widget-kibpay/src/kibpay-payment/kibpay-payment.component.ts","statementMap":{"0":{"start":{"line":11,"column":11},"end":{"line":11,"column":33}},"1":{"start":{"line":12,"column":2},"end":{"line":12,"column":30}},"2":{"start":{"line":16,"column":2},"end":{"line":16,"column":null}},"3":{"start":{"line":9,"column":13},"end":{"line":18,"column":null}},"4":{"start":{"line":18,"column":0},"end":{"line":18,"column":null}}},"fnMap":{"0":{"name":"KibpayPaymentComponent","decl":{"start":{"line":14,"column":2},"end":{"line":14,"column":17}},"loc":{"start":{"line":14,"column":2},"end":{"line":14,"column":18}}},"1":{"name":"(anonymous_2)","decl":{"start":{"line":16,"column":2},"end":{"line":16,"column":10}},"loc":{"start":{"line":16,"column":2},"end":{"line":16,"column":15}}}},"branchMap":{},"s":{"0":3,"1":3,"2":1,"3":1,"4":1},"f":{"0":3,"1":3},"b":{}}
,"/Users/naineshrawani/Downloads/bb-cxs/statics/kibpay-project/libs/widget-kibpay/src/utilities/widget-kibpay.constants.ts": {"path":"/Users/naineshrawani/Downloads/bb-cxs/statics/kibpay-project/libs/widget-kibpay/src/utilities/widget-kibpay.constants.ts","statementMap":{"0":{"start":{"line":1,"column":0},"end":{"line":1,"column":null}},"1":{"start":{"line":2,"column":4},"end":{"line":2,"column":null}},"2":{"start":{"line":2,"column":50},"end":{"line":2,"column":102}},"3":{"start":{"line":3,"column":4},"end":{"line":3,"column":null}},"4":{"start":{"line":3,"column":41},"end":{"line":3,"column":57}},"5":{"start":{"line":4,"column":4},"end":{"line":4,"column":null}},"6":{"start":{"line":4,"column":47},"end":{"line":4,"column":69}},"7":{"start":{"line":5,"column":4},"end":{"line":5,"column":null}},"8":{"start":{"line":5,"column":43},"end":{"line":5,"column":61}},"9":{"start":{"line":6,"column":4},"end":{"line":6,"column":null}},"10":{"start":{"line":6,"column":43},"end":{"line":6,"column":61}},"11":{"start":{"line":7,"column":4},"end":{"line":7,"column":null}},"12":{"start":{"line":7,"column":42},"end":{"line":7,"column":59}},"13":{"start":{"line":8,"column":4},"end":{"line":8,"column":null}},"14":{"start":{"line":8,"column":46},"end":{"line":8,"column":67}},"15":{"start":{"line":9,"column":0},"end":{"line":9,"column":null}}},"fnMap":{"0":{"name":"(anonymous_0)","decl":{"start":{"line":1,"column":0},"end":{"line":1,"column":null}},"loc":{"start":{"line":1,"column":0},"end":{"line":9,"column":null}}},"1":{"name":"(anonymous_2)","decl":{"start":{"line":2,"column":4},"end":{"line":2,"column":22}},"loc":{"start":{"line":2,"column":4},"end":{"line":2,"column":104}}},"2":{"name":"(anonymous_3)","decl":{"start":{"line":3,"column":4},"end":{"line":3,"column":22}},"loc":{"start":{"line":3,"column":4},"end":{"line":3,"column":59}}},"3":{"name":"(anonymous_4)","decl":{"start":{"line":4,"column":4},"end":{"line":4,"column":22}},"loc":{"start":{"line":4,"column":4},"end":{"line":4,"column":71}}},"4":{"name":"(anonymous_5)","decl":{"start":{"line":5,"column":4},"end":{"line":5,"column":22}},"loc":{"start":{"line":5,"column":4},"end":{"line":5,"column":63}}},"5":{"name":"(anonymous_6)","decl":{"start":{"line":6,"column":4},"end":{"line":6,"column":22}},"loc":{"start":{"line":6,"column":4},"end":{"line":6,"column":63}}},"6":{"name":"(anonymous_7)","decl":{"start":{"line":7,"column":4},"end":{"line":7,"column":22}},"loc":{"start":{"line":7,"column":4},"end":{"line":7,"column":61}}},"7":{"name":"(anonymous_8)","decl":{"start":{"line":8,"column":4},"end":{"line":8,"column":22}},"loc":{"start":{"line":8,"column":4},"end":{"line":8,"column":69}}}},"branchMap":{},"s":{"0":1,"1":1,"2":0,"3":1,"4":16,"5":1,"6":0,"7":1,"8":2,"9":1,"10":2,"11":1,"12":2,"13":1,"14":0,"15":1},"f":{"0":1,"1":0,"2":16,"3":0,"4":2,"5":2,"6":2,"7":0},"b":{}}
}
