TN:
SF:libs/widget-kibpay/src/widget-kibpay-routing.module.ts
FNF:0
FNH:0
DA:7,1
DA:21,1
LF:2
LH:2
BRF:0
BRH:0
end_of_record
TN:
SF:libs/widget-kibpay/src/widget-kibpay.component.ts
FN:10,WidgetKibpayComponent
FNF:1
FNH:1
FNDA:1,WidgetKibpayComponent
DA:9,1
DA:11,1
LF:2
LH:2
BRF:0
BRH:0
end_of_record
TN:
SF:libs/widget-kibpay/src/widget-kibpay.module.ts
FNF:0
FNH:0
DA:41,1
LF:1
LH:1
BRF:0
BRH:0
end_of_record
TN:
SF:libs/widget-kibpay/src/widget-kibpay.service.ts
FN:46,WidgetKibpayService
FN:48,(anonymous_2)
FN:62,(anonymous_3)
FN:90,(anonymous_4)
FNF:4
FNH:1
FNDA:14,WidgetKibpayService
FNDA:0,(anonymous_2)
FNDA:0,(anonymous_3)
FNDA:0,(anonymous_4)
DA:45,1
DA:48,1
DA:49,0
DA:62,1
DA:63,0
DA:64,0
DA:70,0
DA:71,0
DA:78,0
DA:79,0
DA:86,0
DA:90,1
DA:91,0
DA:92,0
DA:102,0
DA:103,0
DA:115,0
DA:118,1
LF:18
LH:5
BRDA:63,0,0,0
BRDA:63,0,1,0
BRDA:70,1,0,0
BRDA:70,1,1,0
BRDA:78,2,0,0
BRDA:78,2,1,0
BRDA:91,3,0,0
BRDA:91,3,1,0
BRDA:102,4,0,0
BRDA:102,4,1,0
BRF:10
BRH:0
end_of_record
TN:
SF:libs/widget-kibpay/src/kibpay-error/kibpay-error.component.ts
FN:10,KibpayErrorComponent
FNF:1
FNH:1
FNDA:2,KibpayErrorComponent
DA:8,1
DA:11,1
LF:2
LH:2
BRF:0
BRH:0
end_of_record
TN:
SF:libs/widget-kibpay/src/kibpay-knet/kibpay-knet.component.ts
FN:20,KibpayKnetComponent
FN:26,(anonymous_2)
FN:32,(anonymous_3)
FN:47,(anonymous_4)
FN:59,(anonymous_5)
FN:63,(anonymous_6)
FN:68,(anonymous_7)
FNF:7
FNH:5
FNDA:5,KibpayKnetComponent
FNDA:7,(anonymous_2)
FNDA:7,(anonymous_3)
FNDA:11,(anonymous_4)
FNDA:7,(anonymous_5)
FNDA:0,(anonymous_6)
FNDA:0,(anonymous_7)
DA:12,1
DA:14,5
DA:15,5
DA:16,5
DA:17,5
DA:18,5
DA:20,5
DA:21,5
DA:22,5
DA:23,5
DA:24,5
DA:26,1
DA:27,7
DA:28,7
DA:29,7
DA:32,1
DA:33,7
DA:35,7
DA:36,7
DA:37,0
DA:40,7
DA:41,0
DA:43,7
DA:44,0
DA:47,7
DA:48,11
DA:49,4
DA:51,11
DA:52,4
DA:56,7
DA:59,7
DA:60,7
DA:61,2
DA:64,0
DA:65,0
DA:66,0
DA:69,0
DA:70,0
DA:71,0
DA:72,0
DA:73,0
DA:77,5
DA:123,1
LF:43
LH:32
BRDA:36,0,0,0
BRDA:36,0,1,7
BRDA:40,1,0,0
BRDA:40,1,1,7
BRDA:43,2,0,0
BRDA:43,2,1,7
BRDA:48,3,0,4
BRDA:48,3,1,7
BRDA:51,4,0,4
BRDA:51,4,1,7
BRDA:60,5,0,2
BRDA:60,5,1,5
BRDA:60,6,0,7
BRDA:60,6,1,2
BRDA:60,6,2,2
BRDA:70,7,0,0
BRDA:70,7,1,0
BRDA:70,8,0,0
BRDA:70,8,1,0
BRF:19
BRH:12
end_of_record
TN:
SF:libs/widget-kibpay/src/kibpay-loader/kibpay-loader.component.ts
FN:10,KibpayLoaderComponent
FNF:1
FNH:1
FNDA:16,KibpayLoaderComponent
DA:9,1
DA:11,1
LF:2
LH:2
BRF:0
BRH:0
end_of_record
TN:
SF:libs/widget-kibpay/src/kibpay-logo/kibpay-logo.component.ts
FN:10,KibpayLogoComponent
FNF:1
FNH:1
FNDA:2,KibpayLogoComponent
DA:9,1
DA:11,1
LF:2
LH:2
BRF:0
BRH:0
end_of_record
TN:
SF:libs/widget-kibpay/src/kibpay-payer/kibpay-payer.component.ts
FN:21,KibpayPayerComponent
FN:27,(anonymous_2)
FN:34,(anonymous_3)
FN:43,(anonymous_4)
FN:57,(anonymous_5)
FN:61,(anonymous_6)
FN:65,(anonymous_7)
FN:76,(anonymous_8)
FN:84,(anonymous_9)
FN:94,(anonymous_10)
FN:101,(anonymous_11)
FN:110,(anonymous_12)
FN:120,(anonymous_13)
FN:127,(anonymous_14)
FN:137,(anonymous_15)
FN:142,(anonymous_16)
FNF:16
FNH:7
FNDA:9,KibpayPayerComponent
FNDA:9,(anonymous_2)
FNDA:11,(anonymous_3)
FNDA:0,(anonymous_4)
FNDA:11,(anonymous_5)
FNDA:0,(anonymous_6)
FNDA:0,(anonymous_7)
FNDA:2,(anonymous_8)
FNDA:0,(anonymous_9)
FNDA:0,(anonymous_10)
FNDA:1,(anonymous_11)
FNDA:0,(anonymous_12)
FNDA:0,(anonymous_13)
FNDA:1,(anonymous_14)
FNDA:0,(anonymous_15)
FNDA:0,(anonymous_16)
DA:13,1
DA:15,9
DA:16,9
DA:17,9
DA:18,9
DA:19,9
DA:21,9
DA:22,9
DA:23,9
DA:24,9
DA:25,9
DA:27,1
DA:28,9
DA:29,9
DA:30,9
DA:31,9
DA:34,1
DA:35,11
DA:37,11
DA:38,11
DA:39,0
DA:42,11
DA:43,0
DA:44,0
DA:45,0
DA:49,0
DA:50,0
DA:54,11
DA:57,11
DA:58,11
DA:59,2
DA:62,0
DA:63,0
DA:66,0
DA:67,0
DA:68,0
DA:72,9
DA:76,2
DA:77,2
DA:82,2
DA:85,0
DA:86,0
DA:89,0
DA:90,0
DA:91,0
DA:95,0
DA:96,0
DA:97,0
DA:101,1
DA:102,1
DA:103,1
DA:108,1
DA:111,0
DA:112,0
DA:115,0
DA:116,0
DA:117,0
DA:121,0
DA:122,0
DA:123,0
DA:127,1
DA:128,1
DA:129,1
DA:130,1
DA:135,1
DA:138,0
DA:139,0
DA:140,0
DA:143,0
DA:144,0
DA:145,0
DA:191,1
LF:72
LH:39
BRDA:38,0,0,0
BRDA:38,0,1,11
BRDA:42,1,0,0
BRDA:42,1,1,11
BRDA:42,2,0,11
BRDA:42,2,1,11
BRDA:44,3,0,0
BRDA:44,3,1,0
BRDA:49,4,0,0
BRDA:49,4,1,0
BRDA:58,5,0,2
BRDA:58,5,1,9
BRDA:66,6,0,0
BRDA:66,6,1,0
BRDA:66,7,0,0
BRDA:66,7,1,0
BRDA:85,8,0,0
BRDA:85,8,1,0
BRDA:95,9,0,0
BRDA:95,9,1,0
BRDA:95,10,0,0
BRDA:95,10,1,0
BRDA:111,11,0,0
BRDA:111,11,1,0
BRDA:111,12,0,0
BRDA:111,12,1,0
BRDA:111,13,0,0
BRDA:111,13,1,0
BRDA:121,14,0,0
BRDA:121,14,1,0
BRDA:121,15,0,0
BRDA:121,15,1,0
BRDA:143,16,0,0
BRDA:143,16,1,0
BRDA:143,17,0,0
BRDA:143,17,1,0
BRF:36
BRH:6
end_of_record
TN:
SF:libs/widget-kibpay/src/kibpay-payment/kibpay-payment.component.ts
FN:14,KibpayPaymentComponent
FN:16,(anonymous_2)
FNF:2
FNH:2
FNDA:3,KibpayPaymentComponent
FNDA:3,(anonymous_2)
DA:9,1
DA:11,3
DA:12,3
DA:16,1
DA:18,1
LF:5
LH:5
BRF:0
BRH:0
end_of_record
TN:
SF:libs/widget-kibpay/src/utilities/widget-kibpay.constants.ts
FN:1,(anonymous_0)
FN:2,(anonymous_2)
FN:3,(anonymous_3)
FN:4,(anonymous_4)
FN:5,(anonymous_5)
FN:6,(anonymous_6)
FN:7,(anonymous_7)
FN:8,(anonymous_8)
FNF:8
FNH:5
FNDA:1,(anonymous_0)
FNDA:0,(anonymous_2)
FNDA:16,(anonymous_3)
FNDA:0,(anonymous_4)
FNDA:2,(anonymous_5)
FNDA:2,(anonymous_6)
FNDA:2,(anonymous_7)
FNDA:0,(anonymous_8)
DA:1,1
DA:2,1
DA:3,16
DA:4,1
DA:5,2
DA:6,2
DA:7,2
DA:8,1
DA:9,1
LF:9
LH:9
BRF:0
BRH:0
end_of_record
